<?xml version="1.0" encoding="UTF-8"?>
<testng-results ignored="0" total="1" passed="1" failed="0" skipped="0">
  <reporter-output>
  </reporter-output>
  <suite started-at="2024-03-11T12:33:17 EET" name="Surefire suite" finished-at="2024-03-11T12:33:50 EET" duration-ms="32184">
    <groups>
    </groups>
    <test started-at="2024-03-11T12:33:17 EET" name="Surefire test" finished-at="2024-03-11T12:33:50 EET" duration-ms="32184">
      <class name="tests.AutomationTaskTest">
        <test-method is-config="true" signature="login()[pri:0, instance:tests.AutomationTaskTest@25d250c6]" started-at="2024-03-11T12:33:17 EET" name="login" finished-at="2024-03-11T12:33:49 EET" duration-ms="31504" status="PASS">
          <reporter-output>
          </reporter-output>
        </test-method> <!-- login -->
        <test-method signature="testPaymentMethodsExistence()[pri:0, instance:tests.AutomationTaskTest@25d250c6]" started-at="2024-03-11T12:33:49 EET" name="testPaymentMethodsExistence" finished-at="2024-03-11T12:33:49 EET" duration-ms="75" status="PASS">
          <reporter-output>
          </reporter-output>
        </test-method> <!-- testPaymentMethodsExistence -->
        <test-method is-config="true" signature="tearDown()[pri:0, instance:tests.AutomationTaskTest@25d250c6]" started-at="2024-03-11T12:33:49 EET" name="tearDown" finished-at="2024-03-11T12:33:50 EET" duration-ms="583" status="PASS">
          <reporter-output>
          </reporter-output>
        </test-method> <!-- tearDown -->
      </class> <!-- tests.AutomationTaskTest -->
    </test> <!-- Surefire test -->
  </suite> <!-- Surefire suite -->
</testng-results>
